<?xml version="1.0" encoding="UTF-8"?>
<!-- Generated by org.testng.reporters.JUnitXMLReporter -->
<testsuite ignored="4" hostname="Digvijay-SDET-Engg.local" failures="0" tests="1" name="Default test" time="78.008" errors="0" timestamp="2023-02-20T22:50:22 IST">
  <testcase classname="com.qa.nop.ecomerce.testcases.ProductPageTest" name="nop_ecomerce_products_tc005" time="65.694"/>
  <testcase classname="com.qa.nop.ecomerce.testcases.ProductPageTest" name="nop_ecomerce_products_tc001" time="0.0">
    <ignored/>
  </testcase> <!-- nop_ecomerce_products_tc001 -->
  <testcase classname="com.qa.nop.ecomerce.testcases.ProductPageTest" name="nop_ecomerce_products_tc002" time="0.0">
    <ignored/>
  </testcase> <!-- nop_ecomerce_products_tc002 -->
  <testcase classname="com.qa.nop.ecomerce.testcases.ProductPageTest" name="nop_ecomerce_products_tc003" time="0.0">
    <ignored/>
  </testcase> <!-- nop_ecomerce_products_tc003 -->
  <testcase classname="com.qa.nop.ecomerce.testcases.ProductPageTest" name="nop_ecomerce_products_tc004" time="0.0">
    <ignored/>
  </testcase> <!-- nop_ecomerce_products_tc004 -->
</testsuite> <!-- Default test -->
