<?xml version="1.0" encoding="UTF-8"?>
<!-- Generated by org.testng.reporters.JUnitXMLReporter -->
<testsuite ignored="0" hostname="Digvijay-SDET-Engg.local" failures="0" tests="5" name="Ecommerce Test UI Automation Regression Suite" time="96.502" errors="0" timestamp="2023-02-20T11:17:38 IST">
  <testcase classname="com.qa.nop.ecomerce.testcases.ProductPageTest" name="nop_ecomerce_products_tc001" time="0.027"/>
  <testcase classname="com.qa.nop.ecomerce.testcases.ProductPageTest" name="nop_ecomerce_products_tc002" time="8.436"/>
  <testcase classname="com.qa.nop.ecomerce.testcases.ProductPageTest" name="nop_ecomerce_products_tc003" time="13.382"/>
  <testcase classname="com.qa.nop.ecomerce.testcases.ProductPageTest" name="nop_ecomerce_products_tc004" time="21.084"/>
  <testcase classname="com.qa.nop.ecomerce.testcases.DashBoardPageTest" name="nop_ecomerce_dashboard_tc001" time="12.711"/>
</testsuite> <!-- Ecommerce Test UI Automation Regression Suite -->
