<?xml version="1.0" encoding="UTF-8"?>
<testsuite xmlns:xsi="http://www.w3.org/2001/XMLSchema-instance" xsi:noNamespaceSchemaLocation="https://maven.apache.org/surefire/maven-surefire-plugin/xsd/surefire-test-report.xsd" name="TestSuite" time="85.236" tests="5" errors="0" skipped="0" failures="2">
  <properties>
[...]
</properties>
  <testcase name="nop_ecomerce_products_tc001" classname="com.qa.nop.ecomerce.testcases.ProductPageTest" time="0.014"/>
  <testcase name="nop_ecomerce_products_tc002" classname="com.qa.nop.ecomerce.testcases.ProductPageTest" time="3.382"/>
  <testcase name="nop_ecomerce_products_tc003" classname="com.qa.nop.ecomerce.testcases.ProductPageTest" time="32.992">
    <failure message="Expected condition failed: waiting for presence of element located by: By.xpath: //h1[normalize-space()=&apos;Products&apos;] (tried for 30 second(s) with 500 milliseconds interval)" type="org.openqa.selenium.TimeoutException">org.openqa.selenium.TimeoutException: Expected condition failed: waiting for presence of element located by: By.xpath: //h1[normalize-space()='Products'] (tried for 30 second(s) with 500 milliseconds interval)
	at com.qa.nop.ecomerce.testcases.ProductPageTest.nop_ecomerce_products_tc003(ProductPageTest.java:72)
Caused by: org.openqa.selenium.NoSuchElementException: 
no such element: Unable to locate element: {"method":"xpath","selector":"//h1[normalize-space()='Products']"}
  (Session info: chrome=109.0.5414.119)
For documentation on this error, please visit: https://selenium.dev/exceptions/#no_such_element
Build info: version: '4.8.0', revision: '267030adea'
System info: os.name: 'Mac OS X', os.arch: 'aarch64', os.version: '12.5', java.version: '19.0.1'
Driver info: org.openqa.selenium.chrome.ChromeDriver
Command: [133862c0cc819ffb01e49146609fa8e4, findElement {using=xpath, value=//h1[normalize-space()='Products']}]
Capabilities {acceptInsecureCerts: false, browserName: chrome, browserVersion: 109.0.5414.119, chrome: {chromedriverVersion: 109.0.5414.74 (e7c5703604da..., userDataDir: /var/folders/2x/1z8rnfrs5pg...}, goog:chromeOptions: {debuggerAddress: localhost:49323}, networkConnectionEnabled: false, pageLoadStrategy: normal, platformName: MAC, proxy: Proxy(), se:cdp: ws://localhost:49323/devtoo..., se:cdpVersion: 109.0.5414.119, setWindowRect: true, strictFileInteractability: false, timeouts: {implicit: 0, pageLoad: 300000, script: 30000}, unhandledPromptBehavior: dismiss and notify, webauthn:extension:credBlob: true, webauthn:extension:largeBlob: true, webauthn:virtualAuthenticators: true}
Session ID: 133862c0cc819ffb01e49146609fa8e4
	at com.qa.nop.ecomerce.testcases.ProductPageTest.nop_ecomerce_products_tc003(ProductPageTest.java:72)
</failure>
    <system-out><![CDATA[
[INFO ] 2023-02-19 15:14:20.564 [main] BasePage - Element is present in the Dom By.xpath: //button[normalize-space()='Log in']
[INFO ] 2023-02-19 15:14:20.700 [main] AllureListeners - I am in onTestStart method nop_ecomerce_products_tc003 start
[INFO ] 2023-02-19 15:14:20.711 [main] BasePage - Element is present in the Dom By.xpath: //button[normalize-space()='Log in']
[INFO ] 2023-02-19 15:14:22.626 [main] BasePage - Element is present in the Dom By.xpath: //input[@placeholder='Search']
I am in onTestFailure method nop_ecomerce_products_tc003 failed
[INFO ] 2023-02-19 15:14:53.091 [main] AllureListeners - Screenshot captured for test case:nop_ecomerce_products_tc003
]]></system-out>
    <system-err><![CDATA[Starting ChromeDriver 109.0.5414.74 (e7c5703604daa9cc128ccf5a5d3e993513758913-refs/branch-heads/5414@{#1172}) on port 35718
Only local connections are allowed.
Please see https://chromedriver.chromium.org/security-considerations for suggestions on keeping ChromeDriver safe.
ChromeDriver was started successfully.
]]></system-err>
  </testcase>
  <testcase name="nop_ecomerce_products_tc004" classname="com.qa.nop.ecomerce.testcases.ProductPageTest" time="33.468">
    <failure message="Expected condition failed: waiting for presence of element located by: By.xpath: //h1[normalize-space()=&apos;Products&apos;] (tried for 30 second(s) with 500 milliseconds interval)" type="org.openqa.selenium.TimeoutException">org.openqa.selenium.TimeoutException: Expected condition failed: waiting for presence of element located by: By.xpath: //h1[normalize-space()='Products'] (tried for 30 second(s) with 500 milliseconds interval)
	at com.qa.nop.ecomerce.testcases.ProductPageTest.nop_ecomerce_products_tc004(ProductPageTest.java:95)
Caused by: org.openqa.selenium.NoSuchElementException: 
no such element: Unable to locate element: {"method":"xpath","selector":"//h1[normalize-space()='Products']"}
  (Session info: chrome=109.0.5414.119)
For documentation on this error, please visit: https://selenium.dev/exceptions/#no_such_element
Build info: version: '4.8.0', revision: '267030adea'
System info: os.name: 'Mac OS X', os.arch: 'aarch64', os.version: '12.5', java.version: '19.0.1'
Driver info: org.openqa.selenium.chrome.ChromeDriver
Command: [fedd603262260d27b063fb6cff778c74, findElement {using=xpath, value=//h1[normalize-space()='Products']}]
Capabilities {acceptInsecureCerts: false, browserName: chrome, browserVersion: 109.0.5414.119, chrome: {chromedriverVersion: 109.0.5414.74 (e7c5703604da..., userDataDir: /var/folders/2x/1z8rnfrs5pg...}, goog:chromeOptions: {debuggerAddress: localhost:49342}, networkConnectionEnabled: false, pageLoadStrategy: normal, platformName: MAC, proxy: Proxy(), se:cdp: ws://localhost:49342/devtoo..., se:cdpVersion: 109.0.5414.119, setWindowRect: true, strictFileInteractability: false, timeouts: {implicit: 0, pageLoad: 300000, script: 30000}, unhandledPromptBehavior: dismiss and notify, webauthn:extension:credBlob: true, webauthn:extension:largeBlob: true, webauthn:virtualAuthenticators: true}
Session ID: fedd603262260d27b063fb6cff778c74
	at com.qa.nop.ecomerce.testcases.ProductPageTest.nop_ecomerce_products_tc004(ProductPageTest.java:95)
</failure>
    <system-out><![CDATA[
[INFO ] 2023-02-19 15:14:56.714 [main] BasePage - Element is present in the Dom By.xpath: //button[normalize-space()='Log in']
[INFO ] 2023-02-19 15:14:56.848 [main] AllureListeners - I am in onTestStart method nop_ecomerce_products_tc004 start
[INFO ] 2023-02-19 15:14:56.858 [main] BasePage - Element is present in the Dom By.xpath: //button[normalize-space()='Log in']
[INFO ] 2023-02-19 15:14:59.484 [main] BasePage - Element is present in the Dom By.xpath: //input[@placeholder='Search']
I am in onTestFailure method nop_ecomerce_products_tc004 failed
[INFO ] 2023-02-19 15:15:30.070 [main] AllureListeners - Screenshot captured for test case:nop_ecomerce_products_tc004
]]></system-out>
    <system-err><![CDATA[Starting ChromeDriver 109.0.5414.74 (e7c5703604daa9cc128ccf5a5d3e993513758913-refs/branch-heads/5414@{#1172}) on port 20383
Only local connections are allowed.
Please see https://chromedriver.chromium.org/security-considerations for suggestions on keeping ChromeDriver safe.
ChromeDriver was started successfully.
]]></system-err>
  </testcase>
  <testcase name="nop_ecomerce_dashboard_tc001" classname="com.qa.nop.ecomerce.testcases.DashBoardPageTest" time="1.868"/>
</testsuite>