<?xml version="1.0" encoding="UTF-8"?>
<testng-results ignored="4" total="5" passed="1" failed="0" skipped="0">
  <reporter-output>
  </reporter-output>
  <suite started-at="2023-02-20T22:49:04 IST" name="Default suite" finished-at="2023-02-20T22:50:22 IST" duration-ms="78008">
    <groups>
    </groups>
    <test started-at="2023-02-20T22:49:04 IST" name="Default test" finished-at="2023-02-20T22:50:22 IST" duration-ms="78008">
      <class name="com.qa.nop.ecomerce.testcases.ProductPageTest">
        <test-method is-config="true" signature="setUp()[pri:0, instance:com.qa.nop.ecomerce.testcases.ProductPageTest@6e3eb0cd]" started-at="2023-02-20T22:49:04 IST" name="setUp" finished-at="2023-02-20T22:49:16 IST" duration-ms="12131" status="PASS">
          <reporter-output>
          </reporter-output>
        </test-method> <!-- setUp -->
        <test-method signature="nop_ecomerce_products_tc005()[pri:0, instance:com.qa.nop.ecomerce.testcases.ProductPageTest@6e3eb0cd]" started-at="2023-02-20T22:49:16 IST" name="nop_ecomerce_products_tc005" finished-at="2023-02-20T22:50:22 IST" duration-ms="65694" status="PASS">
          <reporter-output>
          </reporter-output>
        </test-method> <!-- nop_ecomerce_products_tc005 -->
        <test-method is-config="true" signature="tearDown()[pri:0, instance:com.qa.nop.ecomerce.testcases.ProductPageTest@6e3eb0cd]" started-at="2023-02-20T22:50:22 IST" name="tearDown" finished-at="2023-02-20T22:50:22 IST" duration-ms="114" status="PASS">
          <reporter-output>
          </reporter-output>
        </test-method> <!-- tearDown -->
      </class> <!-- com.qa.nop.ecomerce.testcases.ProductPageTest -->
    </test> <!-- Default test -->
  </suite> <!-- Default suite -->
</testng-results>
